
 This log file is showing working on the merge and mr calculations with  eo_build37_172275  file 

This shows an error if variants missing compared to outcome 
ERROR 
 0 variants missing from outcome data
chr pos

This shows an error if variants missing compared to lpa 
ERROR 
 3 variants missing from outcome data
chr pos
6 160543317
6 160998199
6 160493099
WARNING
 outcomespec gave warning in mr_ivw: 
<simpleWarning in thetaIVW * Bx: Recycling array of length 1 in array-vector arithmetic is deprecated.
  Use c() or as.vector() instead.
>
MR analysis results 

Inverse-variance weighted method
(variants correlated, random-effect model)

Number of Variants : 40 

------------------------------------------------------------------
 Method Estimate Std Error 95% CI       p-value
    IVW    0.000     0.000 0.000, 0.000   0.647
------------------------------------------------------------------
Residual standard error =  0.967 
Residual standard error is set to 1 in calculation of confidence interval when its estimate is less than 1.
Heterogeneity test statistic = 36.4939 on 39 degrees of freedom, (p-value = 0.5848)
