
 This log file is showing working on the merge and mr calculations with  mono_build37_170721  file 

This shows an error if variants missing compared to outcome 
ERROR 
 0 variants missing from outcome data
chr pos

This shows an error if variants missing compared to lpa 
ERROR 
 3 variants missing from outcome data
chr pos
6 160543317
6 160998199
6 160493099
WARNING
 outcomespec gave warning in mr_ivw: 
<simpleWarning in thetaIVW * Bx: Recycling array of length 1 in array-vector arithmetic is deprecated.
  Use c() or as.vector() instead.
>
MR analysis results 

Inverse-variance weighted method
(variants correlated, random-effect model)

Number of Variants : 40 

------------------------------------------------------------------
 Method Estimate Std Error 95% CI       p-value
    IVW    0.000     0.000 0.000, 0.000   0.665
------------------------------------------------------------------
Residual standard error =  1.024 
Heterogeneity test statistic = 40.8842 on 39 degrees of freedom, (p-value = 0.3877)
